#
# There is insufficient memory for the Java Runtime Environment to continue.
# Native memory allocation (malloc) failed to allocate 1048576 bytes for AllocateHeap
# Possible reasons:
#   The system is out of physical RAM or swap space
#   The process is running with CompressedOops enabled, and the Java Heap may be blocking the growth of the native heap
# Possible solutions:
#   Reduce memory load on the system
#   Increase physical memory or swap space
#   Check if swap backing store is full
#   Decrease Java heap size (-Xmx/-Xms)
#   Decrease number of Java threads
#   Decrease Java thread stack sizes (-Xss)
#   Set larger code cache with -XX:ReservedCodeCacheSize=
#   JVM is running with Unscaled Compressed Oops mode in which the Java heap is
#     placed in the first 4GB address space. The Java Heap base address is the
#     maximum limit for the native heap growth. Please use -XX:HeapBaseMinAddress
#     to set the Java Heap base and to place the Java Heap above 4GB virtual address.
# This output file may be truncated or incomplete.
#
#  Out of Memory Error (memory/allocation.inline.hpp:61), pid=3800, tid=0x00000000000019e4
#
# JRE version:  (8.0_231-b11) (build )
# Java VM: Java HotSpot(TM) 64-Bit Server VM (25.231-b11 mixed mode windows-amd64 compressed oops)
# Failed to write core dump. Minidumps are not enabled by default on client versions of Windows
#

---------------  T H R E A D  ---------------

Current thread (0x0000000002ac4000):  JavaThread "Unknown thread" [_thread_in_vm, id=6628, stack(0x00000000028c0000,0x00000000029c0000)]

Stack: [0x00000000028c0000,0x00000000029c0000]
[error occurred during error reporting (printing stack bounds), id 0xc0000005]

Native frames: (J=compiled Java code, j=interpreted, Vv=VM code, C=native code)


---------------  P R O C E S S  ---------------

Java Threads: ( => current thread )

Other Threads:

=>0x0000000002ac4000 (exited) JavaThread "Unknown thread" [_thread_in_vm, id=6628, stack(0x00000000028c0000,0x00000000029c0000)]

VM state:not at safepoint (normal execution)

VM Mutex/Monitor currently owned by a thread: None

heap address: 0x0000000081e00000, size: 2018 MB, Compressed Oops mode: 32-bit
Narrow klass base: 0x0000000000000000, Narrow klass shift: 3
Compressed class space size: 1073741824 Address: 0x0000000100000000

Heap:
 PSYoungGen      total 38400K, used 665K [0x00000000d5f80000, 0x00000000d8a00000, 0x0000000100000000)
  eden space 33280K, 2% used [0x00000000d5f80000,0x00000000d6026670,0x00000000d8000000)
  from space 5120K, 0% used [0x00000000d8500000,0x00000000d8500000,0x00000000d8a00000)
  to   space 5120K, 0% used [0x00000000d8000000,0x00000000d8000000,0x00000000d8500000)
 ParOldGen       total 87552K, used 0K [0x0000000081e00000, 0x0000000087380000, 0x00000000d5f80000)
  object space 87552K, 0% used [0x0000000081e00000,0x0000000081e00000,0x0000000087380000)
 Metaspace       used 786K, capacity 1156K, committed 1408K, reserved 1060864K
  class space    used 76K, capacity 384K, committed 384K, reserved 1048576K

Card table byte_map: [0x0000000011f80000,0x0000000012380000] byte_map_base: 0x0000000011b71000

Marking Bits: (ParMarkBitMap*) 0x0000000066da6d90
 Begin Bits: [0x0000000012a30000, 0x00000000149b8000)
 End Bits:   [0x00000000149b8000, 0x0000000016940000)

Polling page: 0x0000000000d30000

CodeCache: size=245760Kb used=328Kb max_used=328Kb free=245431Kb
 bounds [0x0000000002bc0000, 0x0000000002e30000, 0x0000000011bc0000]
 total_blobs=58 nmethods=0 adapters=38
 compilation: enabled

Compilation events (0 events):
No events

GC Heap History (0 events):
No events

Deoptimization events (0 events):
No events

Classes redefined (0 events):
No events

Internal exceptions (0 events):
No events

Events (10 events):
Event: 0.037 loading class java/lang/Short
Event: 0.037 loading class java/lang/Short done
Event: 0.037 loading class java/lang/Integer
Event: 0.037 loading class java/lang/Integer done
Event: 0.037 loading class java/lang/Long
Event: 0.037 loading class java/lang/Long done
Event: 0.038 loading class java/lang/NullPointerException
Event: 0.038 loading class java/lang/NullPointerException done
Event: 0.038 loading class java/lang/ArithmeticException
Event: 0.038 loading class java/lang/ArithmeticException done


Dynamic libraries:
0x00007ff72d130000 - 0x00007ff72d167000 	C:\Program Files\Java\jdk1.8.0_231\bin\javaw.exe
0x00007ffc240c0000 - 0x00007ffc242b0000 	C:\WINDOWS\SYSTEM32\ntdll.dll
0x00007ffc22630000 - 0x00007ffc226e2000 	C:\WINDOWS\System32\KERNEL32.DLL
0x00007ffc21020000 - 0x00007ffc212c3000 	C:\WINDOWS\System32\KERNELBASE.dll
0x00007ffc22240000 - 0x00007ffc222e3000 	C:\WINDOWS\System32\ADVAPI32.dll
0x00007ffc222f0000 - 0x00007ffc2238e000 	C:\WINDOWS\System32\msvcrt.dll
0x00007ffc221a0000 - 0x00007ffc22237000 	C:\WINDOWS\System32\sechost.dll
0x00007ffc231c0000 - 0x00007ffc232e0000 	C:\WINDOWS\System32\RPCRT4.dll
0x00007ffc22d60000 - 0x00007ffc22ef4000 	C:\WINDOWS\System32\USER32.dll
0x00007ffc21f60000 - 0x00007ffc21f81000 	C:\WINDOWS\System32\win32u.dll
0x00007ffc22f00000 - 0x00007ffc22f26000 	C:\WINDOWS\System32\GDI32.dll
0x00007ffc213c0000 - 0x00007ffc21554000 	C:\WINDOWS\System32\gdi32full.dll
0x00007ffc212d0000 - 0x00007ffc2136e000 	C:\WINDOWS\System32\msvcp_win.dll
0x00007ffc21e60000 - 0x00007ffc21f5a000 	C:\WINDOWS\System32\ucrtbase.dll
0x00007ffc10d90000 - 0x00007ffc11015000 	C:\WINDOWS\WinSxS\amd64_microsoft.windows.common-controls_6595b64144ccf1df_6.0.18362.720_none_e6beb5c51314836b\COMCTL32.dll
0x00007ffc22a20000 - 0x00007ffc22d56000 	C:\WINDOWS\System32\combase.dll
0x00007ffc21d10000 - 0x00007ffc21d90000 	C:\WINDOWS\System32\bcryptPrimitives.dll
0x00007ffc22440000 - 0x00007ffc2246e000 	C:\WINDOWS\System32\IMM32.DLL
0x00000000682e0000 - 0x00000000683b2000 	C:\Program Files\Java\jdk1.8.0_231\jre\bin\msvcr100.dll
0x0000000066580000 - 0x0000000066e26000 	C:\Program Files\Java\jdk1.8.0_231\jre\bin\server\jvm.dll
0x00007ffc239d0000 - 0x00007ffc239d8000 	C:\WINDOWS\System32\PSAPI.DLL
0x00007ffc0d430000 - 0x00007ffc0d439000 	C:\WINDOWS\SYSTEM32\WSOCK32.dll
0x00007ffc11480000 - 0x00007ffc1148a000 	C:\WINDOWS\SYSTEM32\VERSION.dll
0x00007ffc1ed20000 - 0x00007ffc1ed44000 	C:\WINDOWS\SYSTEM32\WINMM.dll
0x00007ffc22f30000 - 0x00007ffc22f9f000 	C:\WINDOWS\System32\ws2_32.DLL
0x00007ffc1ecf0000 - 0x00007ffc1ed1d000 	C:\WINDOWS\SYSTEM32\WINMMBASE.dll
0x00007ffc21370000 - 0x00007ffc213ba000 	C:\WINDOWS\System32\cfgmgr32.dll
0x00007ffc1ee10000 - 0x00007ffc1ee1f000 	C:\Program Files\Java\jdk1.8.0_231\jre\bin\verify.dll
0x00007ffc00750000 - 0x00007ffc00779000 	C:\Program Files\Java\jdk1.8.0_231\jre\bin\java.dll
0x00007ffc00720000 - 0x00007ffc00743000 	C:\Program Files\Java\jdk1.8.0_231\jre\bin\instrument.dll
0x00007ffc1b100000 - 0x00007ffc1b116000 	C:\Program Files\Java\jdk1.8.0_231\jre\bin\zip.dll

VM Arguments:
jvm_args: -javaagent:C:\Program Files\LogiGear\TestArchitect\binclient\agents\java\lib\ext\TAJavaLoader.jar -Dfile.encoding=UTF-8 
java_command: immutable.Ex06Split
java_class_path (initial): F:\java08\workspace\javacore\java08-repository\lesson08-string\target\classes;C:\Program Files\LogiGear\TestArchitect\binclient\agents\java\lib\ext\TAJavaLoader.jar
Launcher Type: SUN_STANDARD

Environment Variables:
JAVA_TOOL_OPTIONS=-javaagent:"C:\Program Files\LogiGear\TestArchitect\binclient\agents\java\lib\ext\TAJavaLoader.jar"
USERNAME=Cuong
OS=Windows_NT
PROCESSOR_IDENTIFIER=Intel64 Family 6 Model 78 Stepping 3, GenuineIntel



---------------  S Y S T E M  ---------------

OS: Windows 10.0 , 64 bit Build 18362 (10.0.18362.329)

CPU:total 4 (initial active 4) (2 cores per cpu, 2 threads per core) family 6 model 78 stepping 3, cmov, cx8, fxsr, mmx, sse, sse2, sse3, ssse3, sse4.1, sse4.2, popcnt, avx, avx2, aes, clmul, erms, 3dnowpref, lzcnt, ht, tsc, tscinvbit, bmi1, bmi2, adx

Memory: 4k page, physical 8259484k(1065996k free), swap 8259484k(5988k free)

vm_info: Java HotSpot(TM) 64-Bit Server VM (25.231-b11) for windows-amd64 JRE (1.8.0_231-b11), built on Oct  5 2019 03:11:30 by "java_re" with MS VC++ 10.0 (VS2010)

time: Fri Jun 26 22:27:12 2020
timezone: SE Asia Standard Time
elapsed time: 0 seconds (0d 0h 0m 0s)

