2021-05-11 10:00:51,073 [Worker-0: Loading available Gradle versions] INFO  o.e.b.c.i.u.g.PublishedGradleVersions - Gradle version information cache is up-to-date. Trying to read.
2021-05-11 10:01:47,391 [Worker-2: Loading available Gradle versions] INFO  o.e.b.c.i.u.g.PublishedGradleVersions - Gradle version information cache is up-to-date. Trying to read.
2021-05-11 10:07:43,005 [Worker-3: Loading available Gradle versions] INFO  o.e.b.c.i.u.g.PublishedGradleVersions - Gradle version information cache is up-to-date. Trying to read.
2021-05-11 10:08:07,196 [Worker-10: Updating Maven Dependencies] INFO  o.e.m.c.i.l.LifecycleMappingFactory - Using org.eclipse.m2e.jdt.JarLifecycleMapping lifecycle mapping for MavenProject: java09:lesson18-hibernate-jav09:1.0-SNAPSHOT @ E:\Java08\workspace\javacore\java08-repository\lesson18-hibernate-java09\pom.xml.
2021-05-11 10:08:07,196 [Worker-6: Building workspace] INFO  o.e.m.c.i.l.LifecycleMappingFactory - Using org.eclipse.m2e.jdt.JarLifecycleMapping lifecycle mapping for MavenProject: java09:lesson18-hibernate-jav09:1.0-SNAPSHOT @ E:\Java08\workspace\javacore\java08-repository\lesson18-hibernate-java09\pom.xml.
2021-05-11 10:08:08,065 [Worker-6: Building workspace] WARN  o.e.m.c.i.embedder.EclipseLogger - Using platform encoding (Cp1252 actually) to copy filtered resources, i.e. build is platform dependent!
2021-05-11 10:08:08,072 [Worker-6: Building workspace] INFO  o.e.m.c.i.embedder.EclipseLogger - Copying 1 resource
2021-05-11 10:08:08,080 [Worker-6: Building workspace] WARN  o.e.m.c.i.embedder.EclipseLogger - Using platform encoding (Cp1252 actually) to copy filtered resources, i.e. build is platform dependent!
2021-05-11 10:08:08,082 [Worker-6: Building workspace] INFO  o.e.m.c.i.embedder.EclipseLogger - skip non existing resourceDirectory E:\Java08\workspace\javacore\java08-repository\lesson18-hibernate-java09\src\test\resources
2021-05-11 10:08:10,189 [Worker-13: Updating Maven Dependencies] INFO  o.e.m.c.i.l.LifecycleMappingFactory - Using org.eclipse.m2e.jdt.JarLifecycleMapping lifecycle mapping for MavenProject: java09:lesson18-hibernate-jav09:1.0-SNAPSHOT @ E:\Java08\workspace\javacore\java08-repository\lesson18-hibernate-java09\pom.xml.
2021-05-11 10:08:11,210 [Worker-13: Building workspace] WARN  o.e.m.c.i.embedder.EclipseLogger - Using platform encoding (Cp1252 actually) to copy filtered resources, i.e. build is platform dependent!
2021-05-11 10:08:11,214 [Worker-13: Building workspace] INFO  o.e.m.c.i.embedder.EclipseLogger - Copying 0 resource
2021-05-11 10:08:11,218 [Worker-13: Building workspace] WARN  o.e.m.c.i.embedder.EclipseLogger - Using platform encoding (Cp1252 actually) to copy filtered resources, i.e. build is platform dependent!
2021-05-11 10:08:11,219 [Worker-13: Building workspace] INFO  o.e.m.c.i.embedder.EclipseLogger - skip non existing resourceDirectory E:\Java08\workspace\javacore\java08-repository\lesson18-hibernate-java09\src\test\resources
2021-05-11 10:08:34,605 [Worker-7: Building Workspace] WARN  o.e.m.c.i.embedder.EclipseLogger - Using platform encoding (Cp1252 actually) to copy filtered resources, i.e. build is platform dependent!
2021-05-11 10:08:34,606 [Worker-7: Building Workspace] INFO  o.e.m.c.i.embedder.EclipseLogger - Copying 1 resource
2021-05-11 10:08:34,616 [Worker-7: Building Workspace] WARN  o.e.m.c.i.embedder.EclipseLogger - Using platform encoding (Cp1252 actually) to copy filtered resources, i.e. build is platform dependent!
2021-05-11 10:08:34,617 [Worker-7: Building Workspace] INFO  o.e.m.c.i.embedder.EclipseLogger - skip non existing resourceDirectory E:\Java08\workspace\javacore\java08-repository\lesson18-hibernate-java09\src\test\resources
2021-05-11 10:12:21,688 [Worker-2: Loading available Gradle versions] INFO  o.e.b.c.i.u.g.PublishedGradleVersions - Gradle version information cache is up-to-date. Trying to read.
2021-05-11 10:14:40,317 [Worker-7: Launching DemoSharePk] INFO  o.e.m.c.i.l.LifecycleMappingFactory - Using org.eclipse.m2e.jdt.JarLifecycleMapping lifecycle mapping for MavenProject: java08:lesson18-hibernate-mapping:1.0-SNAPSHOT @ E:\Java08\workspace\javacore\java08-repository\lesson18-hibernate-onetoone\pom.xml.
2021-05-11 10:14:41,078 [Worker-7: Launching DemoSharePk] WARN  o.e.m.c.i.embedder.EclipseLogger - Using platform encoding (Cp1252 actually) to copy filtered resources, i.e. build is platform dependent!
2021-05-11 10:14:41,084 [Worker-7: Launching DemoSharePk] INFO  o.e.m.c.i.embedder.EclipseLogger - Copying 1 resource
2021-05-11 10:14:41,094 [Worker-7: Launching DemoSharePk] WARN  o.e.m.c.i.embedder.EclipseLogger - Using platform encoding (Cp1252 actually) to copy filtered resources, i.e. build is platform dependent!
2021-05-11 10:14:41,095 [Worker-7: Launching DemoSharePk] INFO  o.e.m.c.i.embedder.EclipseLogger - skip non existing resourceDirectory E:\Java08\workspace\javacore\java08-repository\lesson18-hibernate-onetoone\src\test\resources
2021-05-11 10:20:08,810 [Worker-4: Loading available Gradle versions] INFO  o.e.b.c.i.u.g.PublishedGradleVersions - Gradle version information cache is up-to-date. Trying to read.
2021-05-11 10:35:03,504 [Worker-2: Loading available Gradle versions] INFO  o.e.b.c.i.u.g.PublishedGradleVersions - Gradle version information cache is up-to-date. Trying to read.
2021-05-11 10:35:29,997 [Worker-9: Updating Maven Dependencies] INFO  o.e.m.c.i.l.LifecycleMappingFactory - Using org.eclipse.m2e.jdt.JarLifecycleMapping lifecycle mapping for MavenProject: java08:lesson18-hibernate-mapping:1.0-SNAPSHOT @ E:\Java08\workspace\javacore\java08-repository\lesson18-hibernate-onetoone\pom.xml.
2021-05-11 10:35:30,331 [Worker-9: Updating Maven Dependencies] INFO  o.e.m.c.i.l.LifecycleMappingFactory - Using org.eclipse.m2e.jdt.JarLifecycleMapping lifecycle mapping for MavenProject: java08:lesssion18-hibernate-onetomany:1.0-SNAPSHOT @ E:\Java08\workspace\javacore\java08-repository\lesson18-hibernate-onetomany\pom.xml.
2021-05-11 10:39:48,414 [Worker-2: Launching DemoJoinTable] WARN  o.e.m.c.i.embedder.EclipseLogger - Using platform encoding (Cp1252 actually) to copy filtered resources, i.e. build is platform dependent!
2021-05-11 10:39:48,424 [Worker-2: Launching DemoJoinTable] INFO  o.e.m.c.i.embedder.EclipseLogger - Copying 1 resource
2021-05-11 10:39:48,433 [Worker-2: Launching DemoJoinTable] WARN  o.e.m.c.i.embedder.EclipseLogger - Using platform encoding (Cp1252 actually) to copy filtered resources, i.e. build is platform dependent!
2021-05-11 10:39:48,434 [Worker-2: Launching DemoJoinTable] INFO  o.e.m.c.i.embedder.EclipseLogger - skip non existing resourceDirectory E:\Java08\workspace\javacore\java08-repository\lesson18-hibernate-onetoone\src\test\resources
2021-05-11 10:42:54,244 [Worker-4: Building Workspace] INFO  o.e.m.c.i.l.LifecycleMappingFactory - Using org.eclipse.m2e.jdt.JarLifecycleMapping lifecycle mapping for MavenProject: java08:lesssion18-hibernate-onetomany:1.0-SNAPSHOT @ E:\Java08\workspace\javacore\java08-repository\lesson18-hibernate-onetomany\pom.xml.
2021-05-11 10:42:54,449 [Worker-4: Building Workspace] WARN  o.e.m.c.i.embedder.EclipseLogger - Using platform encoding (Cp1252 actually) to copy filtered resources, i.e. build is platform dependent!
2021-05-11 10:42:54,450 [Worker-4: Building Workspace] INFO  o.e.m.c.i.embedder.EclipseLogger - Copying 1 resource
2021-05-11 10:42:54,454 [Worker-4: Building Workspace] WARN  o.e.m.c.i.embedder.EclipseLogger - Using platform encoding (Cp1252 actually) to copy filtered resources, i.e. build is platform dependent!
2021-05-11 10:42:54,455 [Worker-4: Building Workspace] INFO  o.e.m.c.i.embedder.EclipseLogger - skip non existing resourceDirectory E:\Java08\workspace\javacore\java08-repository\lesson18-hibernate-onetomany\src\test\resources
2021-05-11 10:42:54,718 [Worker-4: Building Workspace] WARN  o.e.m.c.i.embedder.EclipseLogger - Using platform encoding (Cp1252 actually) to copy filtered resources, i.e. build is platform dependent!
2021-05-11 10:42:54,719 [Worker-4: Building Workspace] INFO  o.e.m.c.i.embedder.EclipseLogger - Copying 1 resource
2021-05-11 10:42:54,724 [Worker-4: Building Workspace] WARN  o.e.m.c.i.embedder.EclipseLogger - Using platform encoding (Cp1252 actually) to copy filtered resources, i.e. build is platform dependent!
2021-05-11 10:42:54,725 [Worker-4: Building Workspace] INFO  o.e.m.c.i.embedder.EclipseLogger - Copying 0 resource
2021-05-11 10:43:29,896 [Worker-7: Building Workspace] WARN  o.e.m.c.i.embedder.EclipseLogger - Using platform encoding (Cp1252 actually) to copy filtered resources, i.e. build is platform dependent!
2021-05-11 10:43:29,896 [Worker-7: Building Workspace] INFO  o.e.m.c.i.embedder.EclipseLogger - Copying 1 resource
2021-05-11 10:43:29,901 [Worker-7: Building Workspace] WARN  o.e.m.c.i.embedder.EclipseLogger - Using platform encoding (Cp1252 actually) to copy filtered resources, i.e. build is platform dependent!
2021-05-11 10:43:29,902 [Worker-7: Building Workspace] INFO  o.e.m.c.i.embedder.EclipseLogger - Copying 0 resource
2021-05-11 10:52:24,598 [Worker-14: Cleaning selected projects] INFO  o.e.m.c.i.l.LifecycleMappingFactory - Using org.eclipse.m2e.jdt.JarLifecycleMapping lifecycle mapping for MavenProject: java09:lesson18-hibernate-java09:1.0-SNAPSHOT @ E:\Java08\workspace\javacore\java08-repository\lesson18-hibernate-java09\pom.xml.
2021-05-11 10:52:25,283 [Worker-13: Building Workspace] WARN  o.e.m.c.i.embedder.EclipseLogger - Using platform encoding (Cp1252 actually) to copy filtered resources, i.e. build is platform dependent!
2021-05-11 10:52:25,285 [Worker-13: Building Workspace] INFO  o.e.m.c.i.embedder.EclipseLogger - Copying 1 resource
2021-05-11 10:52:25,288 [Worker-13: Building Workspace] WARN  o.e.m.c.i.embedder.EclipseLogger - Using platform encoding (Cp1252 actually) to copy filtered resources, i.e. build is platform dependent!
2021-05-11 10:52:25,291 [Worker-13: Building Workspace] INFO  o.e.m.c.i.embedder.EclipseLogger - Copying 0 resource
2021-05-11 10:52:25,306 [Worker-13: Building Workspace] WARN  o.e.m.c.i.embedder.EclipseLogger - Using platform encoding (Cp1252 actually) to copy filtered resources, i.e. build is platform dependent!
2021-05-11 10:52:25,323 [Worker-13: Building Workspace] INFO  o.e.m.c.i.embedder.EclipseLogger - Copying 0 resource
2021-05-11 10:52:25,324 [Worker-13: Building Workspace] WARN  o.e.m.c.i.embedder.EclipseLogger - Using platform encoding (Cp1252 actually) to copy filtered resources, i.e. build is platform dependent!
2021-05-11 10:52:25,325 [Worker-13: Building Workspace] INFO  o.e.m.c.i.embedder.EclipseLogger - Copying 0 resource
2021-05-11 10:52:43,865 [Worker-6: Launching App] WARN  o.e.m.c.i.embedder.EclipseLogger - Using platform encoding (Cp1252 actually) to copy filtered resources, i.e. build is platform dependent!
2021-05-11 10:52:43,874 [Worker-6: Launching App] INFO  o.e.m.c.i.embedder.EclipseLogger - Copying 1 resource
2021-05-11 10:52:43,876 [Worker-6: Launching App] WARN  o.e.m.c.i.embedder.EclipseLogger - Using platform encoding (Cp1252 actually) to copy filtered resources, i.e. build is platform dependent!
2021-05-11 10:52:43,876 [Worker-6: Launching App] INFO  o.e.m.c.i.embedder.EclipseLogger - Copying 0 resource
2021-05-13 20:05:02,927 [Worker-0: Loading available Gradle versions] INFO  o.e.b.c.i.u.g.PublishedGradleVersions - Gradle version information cache is out-of-date. Trying to update.
2021-05-13 20:28:46,909 [Worker-28: Launching App] WARN  o.e.m.c.i.embedder.EclipseLogger - Using platform encoding (Cp1252 actually) to copy filtered resources, i.e. build is platform dependent!
2021-05-13 20:28:46,923 [Worker-28: Launching App] INFO  o.e.m.c.i.embedder.EclipseLogger - Copying 1 resource
2021-05-13 20:28:46,939 [Worker-28: Launching App] WARN  o.e.m.c.i.embedder.EclipseLogger - Using platform encoding (Cp1252 actually) to copy filtered resources, i.e. build is platform dependent!
2021-05-13 20:28:46,940 [Worker-28: Launching App] INFO  o.e.m.c.i.embedder.EclipseLogger - Copying 0 resource
2021-05-13 20:29:34,309 [Worker-33: Launching App] WARN  o.e.m.c.i.embedder.EclipseLogger - Using platform encoding (Cp1252 actually) to copy filtered resources, i.e. build is platform dependent!
2021-05-13 20:29:34,317 [Worker-33: Launching App] INFO  o.e.m.c.i.embedder.EclipseLogger - Copying 1 resource
2021-05-13 20:29:34,320 [Worker-33: Launching App] WARN  o.e.m.c.i.embedder.EclipseLogger - Using platform encoding (Cp1252 actually) to copy filtered resources, i.e. build is platform dependent!
2021-05-13 20:29:34,320 [Worker-33: Launching App] INFO  o.e.m.c.i.embedder.EclipseLogger - Copying 0 resource
2021-05-13 21:09:27,561 [Worker-49: Launching App] WARN  o.e.m.c.i.embedder.EclipseLogger - Using platform encoding (Cp1252 actually) to copy filtered resources, i.e. build is platform dependent!
2021-05-13 21:09:27,564 [Worker-49: Launching App] INFO  o.e.m.c.i.embedder.EclipseLogger - Copying 1 resource
2021-05-13 21:09:27,568 [Worker-49: Launching App] WARN  o.e.m.c.i.embedder.EclipseLogger - Using platform encoding (Cp1252 actually) to copy filtered resources, i.e. build is platform dependent!
2021-05-13 21:09:27,569 [Worker-49: Launching App] INFO  o.e.m.c.i.embedder.EclipseLogger - Copying 0 resource
2021-05-13 21:16:15,149 [Worker-52: Launching App] WARN  o.e.m.c.i.embedder.EclipseLogger - Using platform encoding (Cp1252 actually) to copy filtered resources, i.e. build is platform dependent!
2021-05-13 21:16:15,150 [Worker-52: Launching App] INFO  o.e.m.c.i.embedder.EclipseLogger - Copying 1 resource
2021-05-13 21:16:15,152 [Worker-52: Launching App] WARN  o.e.m.c.i.embedder.EclipseLogger - Using platform encoding (Cp1252 actually) to copy filtered resources, i.e. build is platform dependent!
2021-05-13 21:16:15,154 [Worker-52: Launching App] INFO  o.e.m.c.i.embedder.EclipseLogger - Copying 0 resource
2021-05-13 21:19:52,414 [Worker-39: Launching App] WARN  o.e.m.c.i.embedder.EclipseLogger - Using platform encoding (Cp1252 actually) to copy filtered resources, i.e. build is platform dependent!
2021-05-13 21:19:52,416 [Worker-39: Launching App] INFO  o.e.m.c.i.embedder.EclipseLogger - Copying 1 resource
2021-05-13 21:19:52,419 [Worker-39: Launching App] WARN  o.e.m.c.i.embedder.EclipseLogger - Using platform encoding (Cp1252 actually) to copy filtered resources, i.e. build is platform dependent!
2021-05-13 21:19:52,421 [Worker-39: Launching App] INFO  o.e.m.c.i.embedder.EclipseLogger - Copying 0 resource
2021-05-13 21:22:00,878 [Worker-54: Launching App] WARN  o.e.m.c.i.embedder.EclipseLogger - Using platform encoding (Cp1252 actually) to copy filtered resources, i.e. build is platform dependent!
2021-05-13 21:22:00,880 [Worker-54: Launching App] INFO  o.e.m.c.i.embedder.EclipseLogger - Copying 1 resource
2021-05-13 21:22:00,882 [Worker-54: Launching App] WARN  o.e.m.c.i.embedder.EclipseLogger - Using platform encoding (Cp1252 actually) to copy filtered resources, i.e. build is platform dependent!
2021-05-13 21:22:00,883 [Worker-54: Launching App] INFO  o.e.m.c.i.embedder.EclipseLogger - Copying 0 resource
2021-05-13 21:26:56,381 [Worker-58: Launching App] WARN  o.e.m.c.i.embedder.EclipseLogger - Using platform encoding (Cp1252 actually) to copy filtered resources, i.e. build is platform dependent!
2021-05-13 21:26:56,382 [Worker-58: Launching App] INFO  o.e.m.c.i.embedder.EclipseLogger - Copying 1 resource
2021-05-13 21:26:56,385 [Worker-58: Launching App] WARN  o.e.m.c.i.embedder.EclipseLogger - Using platform encoding (Cp1252 actually) to copy filtered resources, i.e. build is platform dependent!
2021-05-13 21:26:56,386 [Worker-58: Launching App] INFO  o.e.m.c.i.embedder.EclipseLogger - Copying 0 resource
2021-05-17 20:07:40,909 [Worker-4: Loading available Gradle versions] INFO  o.e.b.c.i.u.g.PublishedGradleVersions - Gradle version information cache is out-of-date. Trying to update.
2021-05-17 20:30:43,247 [Worker-19: Launching App] WARN  o.e.m.c.i.embedder.EclipseLogger - Using platform encoding (Cp1252 actually) to copy filtered resources, i.e. build is platform dependent!
2021-05-17 20:30:43,260 [Worker-19: Launching App] INFO  o.e.m.c.i.embedder.EclipseLogger - Copying 1 resource
2021-05-17 20:30:43,273 [Worker-19: Launching App] WARN  o.e.m.c.i.embedder.EclipseLogger - Using platform encoding (Cp1252 actually) to copy filtered resources, i.e. build is platform dependent!
2021-05-17 20:30:43,274 [Worker-19: Launching App] INFO  o.e.m.c.i.embedder.EclipseLogger - Copying 0 resource
2021-05-17 20:31:19,737 [Worker-18: Launching App] WARN  o.e.m.c.i.embedder.EclipseLogger - Using platform encoding (Cp1252 actually) to copy filtered resources, i.e. build is platform dependent!
2021-05-17 20:31:19,743 [Worker-18: Launching App] INFO  o.e.m.c.i.embedder.EclipseLogger - Copying 1 resource
2021-05-17 20:31:19,748 [Worker-18: Launching App] WARN  o.e.m.c.i.embedder.EclipseLogger - Using platform encoding (Cp1252 actually) to copy filtered resources, i.e. build is platform dependent!
2021-05-17 20:31:19,748 [Worker-18: Launching App] INFO  o.e.m.c.i.embedder.EclipseLogger - Copying 0 resource
2021-05-17 20:33:17,998 [Worker-18: Launching App] WARN  o.e.m.c.i.embedder.EclipseLogger - Using platform encoding (Cp1252 actually) to copy filtered resources, i.e. build is platform dependent!
2021-05-17 20:33:18,002 [Worker-18: Launching App] INFO  o.e.m.c.i.embedder.EclipseLogger - Copying 1 resource
2021-05-17 20:33:18,005 [Worker-18: Launching App] WARN  o.e.m.c.i.embedder.EclipseLogger - Using platform encoding (Cp1252 actually) to copy filtered resources, i.e. build is platform dependent!
2021-05-17 20:33:18,006 [Worker-18: Launching App] INFO  o.e.m.c.i.embedder.EclipseLogger - Copying 0 resource
2021-05-17 20:33:59,146 [Worker-18: Launching App] WARN  o.e.m.c.i.embedder.EclipseLogger - Using platform encoding (Cp1252 actually) to copy filtered resources, i.e. build is platform dependent!
2021-05-17 20:33:59,147 [Worker-18: Launching App] INFO  o.e.m.c.i.embedder.EclipseLogger - Copying 1 resource
2021-05-17 20:33:59,150 [Worker-18: Launching App] WARN  o.e.m.c.i.embedder.EclipseLogger - Using platform encoding (Cp1252 actually) to copy filtered resources, i.e. build is platform dependent!
2021-05-17 20:33:59,151 [Worker-18: Launching App] INFO  o.e.m.c.i.embedder.EclipseLogger - Copying 0 resource
2021-05-17 20:37:07,304 [Worker-18: Launching App] WARN  o.e.m.c.i.embedder.EclipseLogger - Using platform encoding (Cp1252 actually) to copy filtered resources, i.e. build is platform dependent!
2021-05-17 20:37:07,306 [Worker-18: Launching App] INFO  o.e.m.c.i.embedder.EclipseLogger - Copying 1 resource
2021-05-17 20:37:07,309 [Worker-18: Launching App] WARN  o.e.m.c.i.embedder.EclipseLogger - Using platform encoding (Cp1252 actually) to copy filtered resources, i.e. build is platform dependent!
2021-05-17 20:37:07,310 [Worker-18: Launching App] INFO  o.e.m.c.i.embedder.EclipseLogger - Copying 0 resource
2021-05-17 20:40:20,718 [Worker-16: Launching App] WARN  o.e.m.c.i.embedder.EclipseLogger - Using platform encoding (Cp1252 actually) to copy filtered resources, i.e. build is platform dependent!
2021-05-17 20:40:20,721 [Worker-16: Launching App] INFO  o.e.m.c.i.embedder.EclipseLogger - Copying 1 resource
2021-05-17 20:40:20,726 [Worker-16: Launching App] WARN  o.e.m.c.i.embedder.EclipseLogger - Using platform encoding (Cp1252 actually) to copy filtered resources, i.e. build is platform dependent!
2021-05-17 20:40:20,727 [Worker-16: Launching App] INFO  o.e.m.c.i.embedder.EclipseLogger - Copying 0 resource
2021-05-17 20:49:08,417 [Worker-24: Launching App] WARN  o.e.m.c.i.embedder.EclipseLogger - Using platform encoding (Cp1252 actually) to copy filtered resources, i.e. build is platform dependent!
2021-05-17 20:49:08,420 [Worker-24: Launching App] INFO  o.e.m.c.i.embedder.EclipseLogger - Copying 1 resource
2021-05-17 20:49:08,423 [Worker-24: Launching App] WARN  o.e.m.c.i.embedder.EclipseLogger - Using platform encoding (Cp1252 actually) to copy filtered resources, i.e. build is platform dependent!
2021-05-17 20:49:08,424 [Worker-24: Launching App] INFO  o.e.m.c.i.embedder.EclipseLogger - Copying 0 resource
2021-05-17 20:56:56,401 [Worker-30: Launching App] WARN  o.e.m.c.i.embedder.EclipseLogger - Using platform encoding (Cp1252 actually) to copy filtered resources, i.e. build is platform dependent!
2021-05-17 20:56:56,403 [Worker-30: Launching App] INFO  o.e.m.c.i.embedder.EclipseLogger - Copying 1 resource
2021-05-17 20:56:56,413 [Worker-30: Launching App] WARN  o.e.m.c.i.embedder.EclipseLogger - Using platform encoding (Cp1252 actually) to copy filtered resources, i.e. build is platform dependent!
2021-05-17 20:56:56,414 [Worker-30: Launching App] INFO  o.e.m.c.i.embedder.EclipseLogger - Copying 0 resource
2021-05-17 21:16:32,736 [Worker-38: Cleaning selected projects] INFO  o.e.m.c.i.l.LifecycleMappingFactory - Using org.eclipse.m2e.jdt.JarLifecycleMapping lifecycle mapping for MavenProject: java09:lesson18-hibernate-java09:1.0-SNAPSHOT @ E:\Java08\workspace\javacore\java08-repository\lesson18-hibernate-java09\pom.xml.
2021-05-17 21:16:35,758 [Worker-39: Building Workspace] WARN  o.e.m.c.i.embedder.EclipseLogger - Using platform encoding (Cp1252 actually) to copy filtered resources, i.e. build is platform dependent!
2021-05-17 21:16:35,761 [Worker-39: Building Workspace] INFO  o.e.m.c.i.embedder.EclipseLogger - Copying 2 resources
2021-05-17 21:16:35,777 [Worker-39: Building Workspace] WARN  o.e.m.c.i.embedder.EclipseLogger - Using platform encoding (Cp1252 actually) to copy filtered resources, i.e. build is platform dependent!
2021-05-17 21:16:35,779 [Worker-39: Building Workspace] INFO  o.e.m.c.i.embedder.EclipseLogger - Copying 0 resource
2021-05-17 21:16:36,651 [Worker-39: Building Workspace] WARN  o.e.m.c.i.embedder.EclipseLogger - Using platform encoding (Cp1252 actually) to copy filtered resources, i.e. build is platform dependent!
2021-05-17 21:16:36,653 [Worker-39: Building Workspace] INFO  o.e.m.c.i.embedder.EclipseLogger - Copying 1 resource
2021-05-17 21:16:36,663 [Worker-39: Building Workspace] WARN  o.e.m.c.i.embedder.EclipseLogger - Using platform encoding (Cp1252 actually) to copy filtered resources, i.e. build is platform dependent!
2021-05-17 21:16:36,664 [Worker-39: Building Workspace] INFO  o.e.m.c.i.embedder.EclipseLogger - Copying 0 resource
2021-05-17 21:16:37,330 [Worker-39: Building Workspace] WARN  o.e.m.c.i.embedder.EclipseLogger - Using platform encoding (Cp1252 actually) to copy filtered resources, i.e. build is platform dependent!
2021-05-17 21:16:37,332 [Worker-39: Building Workspace] INFO  o.e.m.c.i.embedder.EclipseLogger - Copying 1 resource
2021-05-17 21:16:37,337 [Worker-39: Building Workspace] WARN  o.e.m.c.i.embedder.EclipseLogger - Using platform encoding (Cp1252 actually) to copy filtered resources, i.e. build is platform dependent!
2021-05-17 21:16:37,339 [Worker-39: Building Workspace] INFO  o.e.m.c.i.embedder.EclipseLogger - Copying 0 resource
2021-05-17 21:36:02,212 [Worker-52: Launching App] WARN  o.e.m.c.i.embedder.EclipseLogger - Using platform encoding (Cp1252 actually) to copy filtered resources, i.e. build is platform dependent!
2021-05-17 21:36:02,220 [Worker-52: Launching App] INFO  o.e.m.c.i.embedder.EclipseLogger - Copying 2 resources
2021-05-17 21:36:02,230 [Worker-52: Launching App] WARN  o.e.m.c.i.embedder.EclipseLogger - Using platform encoding (Cp1252 actually) to copy filtered resources, i.e. build is platform dependent!
2021-05-17 21:36:02,231 [Worker-52: Launching App] INFO  o.e.m.c.i.embedder.EclipseLogger - Copying 0 resource
2021-05-18 09:02:30,022 [Worker-3: Loading available Gradle versions] INFO  o.e.b.c.i.u.g.PublishedGradleVersions - Gradle version information cache is up-to-date. Trying to read.
2021-06-01 14:25:40,145 [Worker-1: Loading available Gradle versions] INFO  o.e.b.c.i.u.g.PublishedGradleVersions - Gradle version information cache is out-of-date. Trying to update.
2021-06-01 14:25:50,738 [Worker-1: Loading available Gradle versions] INFO  o.e.b.c.i.u.g.PublishedGradleVersions - Updating Gradle version information cache failed. Using outdated cache.
